<?xml version="1.0" encoding="UTF-8"?>
<testsuite name="Cucumber" time="54.842" tests="2" skipped="0" failures="1" errors="0">
<testcase classname="US1009 Herokuapp omplicitly wait" name="TC13 kullanici &quot;herokuUrl&quot; anasayfaya gider" time="32.162">
<system-out><![CDATA[
Given kullanici "herokuUrl" anasayfaya gider................................passed
Then AddElement butonuna basar..............................................passed
And Delete butonu gorunur oluncaya kadar bekler.............................passed
Then Delete butonunun gorunur oldugunu test eder............................passed
Then Delete butonuna basarak butonu siler...................................passed
Then Delete butonunun gorunmedigini test eder...............................passed
]]></system-out>
</testcase>
<testcase classname="US1010 WebUniversity Testi" name="TC14 Webuniversity sayfasinda istenen gorevleri yapar" time="21.361">
<failure type="org.openqa.selenium.NoSuchElementException" message="no such element: Unable to locate element: {&quot;method&quot;:&quot;xpath&quot;,&quot;selector&quot;:&quot;//*[@id='text']&quot;}
  (Session info: chrome=111.0.5563.65)
For documentation on this error, please visit: https://selenium.dev/exceptions/#no_such_element
Build info: version: '4.8.0', revision: '267030adea'
System info: os.name: 'Windows 10', os.arch: 'amd64', os.version: '10.0', java.version: '19.0.1'
Driver info: org.openqa.selenium.chrome.ChromeDriver
Command: [27797a03fc40d4d857614cb17dd7ecb3, findElement {using=xpath, value=//*[@id='text']}]
Capabilities {acceptInsecureCerts: false, browserName: chrome, browserVersion: 111.0.5563.65, chrome: {chromedriverVersion: 111.0.5563.64 (c710e93d5b63..., userDataDir: C:\Users\Ayten\AppData\Loca...}, goog:chromeOptions: {debuggerAddress: localhost:53803}, networkConnectionEnabled: false, pageLoadStrategy: normal, platformName: WINDOWS, proxy: Proxy(), se:cdp: ws://localhost:53803/devtoo..., se:cdpVersion: 111.0.5563.65, setWindowRect: true, strictFileInteractability: false, timeouts: {implicit: 0, pageLoad: 300000, script: 30000}, unhandledPromptBehavior: dismiss and notify, webauthn:extension:credBlob: true, webauthn:extension:largeBlob: true, webauthn:extension:minPinLength: true, webauthn:extension:prf: true, webauthn:virtualAuthenticators: true}
Session ID: 27797a03fc40d4d857614cb17dd7ecb3">
<![CDATA[org.openqa.selenium.NoSuchElementException: no such element: Unable to locate element: {"method":"xpath","selector":"//*[@id='text']"}
  (Session info: chrome=111.0.5563.65)
For documentation on this error, please visit: https://selenium.dev/exceptions/#no_such_element
Build info: version: '4.8.0', revision: '267030adea'
System info: os.name: 'Windows 10', os.arch: 'amd64', os.version: '10.0', java.version: '19.0.1'
Driver info: org.openqa.selenium.chrome.ChromeDriver
Command: [27797a03fc40d4d857614cb17dd7ecb3, findElement {using=xpath, value=//*[@id='text']}]
Capabilities {acceptInsecureCerts: false, browserName: chrome, browserVersion: 111.0.5563.65, chrome: {chromedriverVersion: 111.0.5563.64 (c710e93d5b63..., userDataDir: C:\Users\Ayten\AppData\Loca...}, goog:chromeOptions: {debuggerAddress: localhost:53803}, networkConnectionEnabled: false, pageLoadStrategy: normal, platformName: WINDOWS, proxy: Proxy(), se:cdp: ws://localhost:53803/devtoo..., se:cdpVersion: 111.0.5563.65, setWindowRect: true, strictFileInteractability: false, timeouts: {implicit: 0, pageLoad: 300000, script: 30000}, unhandledPromptBehavior: dismiss and notify, webauthn:extension:credBlob: true, webauthn:extension:largeBlob: true, webauthn:extension:minPinLength: true, webauthn:extension:prf: true, webauthn:virtualAuthenticators: true}
Session ID: 27797a03fc40d4d857614cb17dd7ecb3
	at java.base/jdk.internal.reflect.DirectConstructorHandleAccessor.newInstance(DirectConstructorHandleAccessor.java:67)
	at java.base/java.lang.reflect.Constructor.newInstanceWithCaller(Constructor.java:500)
	at java.base/java.lang.reflect.Constructor.newInstance(Constructor.java:484)
	at org.openqa.selenium.remote.codec.w3c.W3CHttpResponseCodec.createException(W3CHttpResponseCodec.java:200)
	at org.openqa.selenium.remote.codec.w3c.W3CHttpResponseCodec.decode(W3CHttpResponseCodec.java:133)
	at org.openqa.selenium.remote.codec.w3c.W3CHttpResponseCodec.decode(W3CHttpResponseCodec.java:53)
	at org.openqa.selenium.remote.HttpCommandExecutor.execute(HttpCommandExecutor.java:184)
	at org.openqa.selenium.remote.service.DriverCommandExecutor.invokeExecute(DriverCommandExecutor.java:167)
	at org.openqa.selenium.remote.service.DriverCommandExecutor.execute(DriverCommandExecutor.java:142)
	at org.openqa.selenium.remote.RemoteWebDriver.execute(RemoteWebDriver.java:543)
	at org.openqa.selenium.remote.ElementLocation$ElementFinder$2.findElement(ElementLocation.java:162)
	at org.openqa.selenium.remote.ElementLocation.findElement(ElementLocation.java:60)
	at org.openqa.selenium.remote.RemoteWebDriver.findElement(RemoteWebDriver.java:352)
	at org.openqa.selenium.remote.RemoteWebDriver.findElement(RemoteWebDriver.java:344)
	at org.openqa.selenium.support.pagefactory.DefaultElementLocator.findElement(DefaultElementLocator.java:70)
	at org.openqa.selenium.support.pagefactory.internal.LocatingElementHandler.invoke(LocatingElementHandler.java:39)
	at jdk.proxy2/jdk.proxy2.$Proxy23.sendKeys(Unknown Source)
	at stepdefinitions.WebUniversityStepdefinitions.username_kutusuna_deger_yazdirir(WebUniversityStepdefinitions.java:32)
	at âœ½.Username kutusuna deger yazdirir(file:///C:/Users/Ayten/IdeaProjects/Cucumber_meinProject/src/test/resources/features/US1010_WebuniversityTesti.feature:12)
]]>
</failure>
<system-out><![CDATA[
Given kullanici "webUrl" anasayfaya gider...................................passed
Then Login Portal gorununceye kadar asagi iner..............................passed
And 2 saniye bekler.........................................................skipped
And Login Portal butonuna tiklar............................................passed
And acilan ikinci window'a gecer............................................passed
And Username kutusuna deger yazdirir........................................failed
And Password kutusuna deger yazdirir........................................skipped
And 4 saniye bekler.........................................................skipped
Then webUniversity login butonuna basar.....................................skipped
And Popup'ta cikan yazinin validation failed oldugunu test eder.............skipped
And Ok diyerek Popup'i kapatir..............................................skipped
Then Ilk sayfaya geri doner.................................................skipped
And Ilk sayfaya donuldugunu test eder.......................................skipped
]]></system-out>
</testcase>
</testsuite>
